<?xml version="1.0" encoding="UTF-8"?>
<!-- Generated by org.testng.reporters.JUnitReportReporter -->
<testsuite hostname="DESKTOP-VDQLJLJ" failures="0" tests="2" name="com.actitime.testscript.CustomerModule" time="0.016" errors="0" timestamp="2024-10-23T10:37:04 IST" skipped="0">
  <testcase classname="com.actitime.testscript.CustomerModule" name="createCustomer" time="0.015"/>
  <system-out>
    <![CDATA[createCustomer]]>
  </system-out>
  <testcase classname="com.actitime.testscript.CustomerModule" name="updateCustomer" time="0.001"/>
  <system-out>
    <![CDATA[Updating the customer]]>
  </system-out>
</testsuite> <!-- com.actitime.testscript.CustomerModule -->
